[debug] [2025-09-26T15:57:42.346Z] ----------------------------------------------------------------------
[debug] [2025-09-26T15:57:42.350Z] Command:       /usr/local/bin/node /usr/local/bin/firebase init
[debug] [2025-09-26T15:57:42.350Z] CLI Version:   14.17.0
[debug] [2025-09-26T15:57:42.350Z] Platform:      darwin
[debug] [2025-09-26T15:57:42.350Z] Node Version:  v22.14.0
[debug] [2025-09-26T15:57:42.351Z] Time:          Sat Sep 27 2025 01:57:42 GMT+1000 (Australian Eastern Standard Time)
[debug] [2025-09-26T15:57:42.351Z] ----------------------------------------------------------------------
[debug] 
[debug] [2025-09-26T15:57:42.358Z] > command requires scopes: ["email","openid","https://www.googleapis.com/auth/cloudplatformprojects.readonly","https://www.googleapis.com/auth/firebase","https://www.googleapis.com/auth/cloud-platform"]
[debug] [2025-09-26T15:57:42.358Z] > authorizing via signed-in user (leiaqiu70104@gmail.com)
[info] 
     ######## #### ########  ######## ########     ###     ######  ########
     ##        ##  ##     ## ##       ##     ##  ##   ##  ##       ##
     ######    ##  ########  ######   ########  #########  ######  ######
     ##        ##  ##    ##  ##       ##     ## ##     ##       ## ##
     ##       #### ##     ## ######## ########  ##     ##  ######  ########

You're about to initialize a Firebase project in this directory:

  /Users/t1an7w/Downloads/QUIZ-GAME/QUIZ-GAME_main

[debug] [2025-09-26T15:58:55.631Z] ExitPromptError: User force closed the prompt with SIGINT
    at Interface.sigint (/usr/local/lib/node_modules/firebase-tools/node_modules/@inquirer/core/dist/commonjs/lib/create-prompt.js:101:37)
    at Interface.emit (node:events:518:28)
    at Interface.emit (node:domain:489:12)
    at [_ttyWrite] [as _ttyWrite] (node:internal/readline/interface:1124:18)
    at ReadStream.onkeypress (node:internal/readline/interface:263:20)
    at ReadStream.emit (node:events:530:35)
    at ReadStream.emit (node:domain:489:12)
    at emitKeys (node:internal/readline/utils:370:14)
    at emitKeys.next (<anonymous>)
    at ReadStream.onData (node:internal/readline/emitKeypressEvents:64:36)
[error] 
[error] Error: An unexpected error has occurred.
